Command line:
   interpolator_isim_beh.exe
     -simmode  gui
     -simrunnum  0
     -socket  49500

Thu Aug 18 22:50:58 2016


 Elaboration Time: 0.0936 sec

 Current Memory Usage: 532.873 Meg

 Total Signals          : 1211
 Total Nets             : 23587
 Total Signal Drivers   : 557
 Total Blocks           : 99
 Total Primitive Blocks : 56
 Total Processes        : 261
 Total Traceable Variables  : 881
 Total Scalar Nets and Variables : 160740
Total Line Count : 1626

 Total Simulation Time: 0.156 sec

 Current Memory Usage: 532.873 Meg

Thu Aug 18 22:51:05 2016

